<?xml version="1.0" encoding="UTF-8"?>
<testsuite xmlns:xsi="http://www.w3.org/2001/XMLSchema-instance" xsi:noNamespaceSchemaLocation="https://maven.apache.org/surefire/maven-surefire-plugin/xsd/surefire-test-report.xsd" name="com.dt042g.laboration_2.Lab2Test" time="0.131" tests="7" errors="0" skipped="0" failures="0">
  <properties>
[...]
</properties>
  <testcase name="testSimpleMultiplication" classname="com.dt042g.laboration_2.Lab2Test" time="0.063"/>
  <testcase name="shouldAnswerWithTrue" classname="com.dt042g.laboration_2.Lab2Test" time="0"/>
  <testcase name="testSimpleAddition" classname="com.dt042g.laboration_2.Lab2Test" time="0.003"/>
  <testcase name="testJsonExpressions" classname="com.dt042g.laboration_2.Lab2Test" time="0.043"/>
  <testcase name="testComplexExpression" classname="com.dt042g.laboration_2.Lab2Test" time="0.003"/>
  <testcase name="testExpressionWithNegativeNumbers" classname="com.dt042g.laboration_2.Lab2Test" time="0.002"/>
  <testcase name="testExponentiation" classname="com.dt042g.laboration_2.Lab2Test" time="0.002"/>
</testsuite>